# JRE version: OpenJDK Runtime Environment Temurin-17.0.1+12 (17.0.1+12) (build 17.0.1+12)
# Java VM: OpenJDK 64-Bit Server VM Temurin-17.0.1+12 (17.0.1+12, mixed mode, tiered, compressed oops, compressed class ptrs, parallel gc, windows-amd64)
GC Precious Log:
 CPUs: 8 total, 8 available
 Memory: 7999M
 Large Page Support: Disabled
 NUMA Support: Disabled
 Compressed Oops: Enabled (32-bit)
 Alignments: Space 512K, Generation 512K, Heap 2M
 Heap Min Capacity: 100M
 Heap Initial Capacity: 100M
 Heap Max Capacity: 1G
 Pre-touch: Disabled
 Parallel Workers: 8
Heap:
 PSYoungGen      total 2560K, used 1522K [0x00000000eab00000, 0x00000000eb980000, 0x0000000100000000)
  eden space 1024K, 0% used [0x00000000eab00000,0x00000000eab00000,0x00000000eac00000)
  from space 1536K, 99% used [0x00000000eb100000,0x00000000eb27c800,0x00000000eb280000)
  to   space 5120K, 0% used [0x00000000eac00000,0x00000000eac00000,0x00000000eb100000)
 ParOldGen       total 233984K, used 232201K [0x00000000c0000000, 0x00000000ce480000, 0x00000000eab00000)
  object space 233984K, 99% used [0x00000000c0000000,0x00000000ce2c25a0,0x00000000ce480000)
 Metaspace       used 92752K, committed 93888K, reserved 1138688K
  class space    used 10259K, committed 10816K, reserved 1048576K
GC Heap History (20 events):
Event: 3264.105 GC heap after
{Heap after GC invocations=3382 (full 72):
 PSYoungGen      total 3072K, used 512K [0x00000000eab00000, 0x00000000eaf80000, 0x0000000100000000)
  eden space 2560K, 0% used [0x00000000eab00000,0x00000000eab00000,0x00000000ead80000)
  from space 512K, 100% used [0x00000000ead80000,0x00000000eae00000,0x00000000eae00000)
  to   space 1024K, 0% used [0x00000000eae80000,0x00000000eae80000,0x00000000eaf80000)
 ParOldGen       total 233984K, used 225866K [0x00000000c0000000, 0x00000000ce480000, 0x00000000eab00000)
  object space 233984K, 96% used [0x00000000c0000000,0x00000000cdc92940,0x00000000ce480000)
 Metaspace       used 92750K, committed 93888K, reserved 1138688K
  class space    used 10259K, committed 10816K, reserved 1048576K
}
Event: 3264.118 GC heap before
{Heap before GC invocations=3383 (full 72):
 PSYoungGen      total 3072K, used 3072K [0x00000000eab00000, 0x00000000eaf80000, 0x0000000100000000)
  eden space 2560K, 100% used [0x00000000eab00000,0x00000000ead80000,0x00000000ead80000)
  from space 512K, 100% used [0x00000000ead80000,0x00000000eae00000,0x00000000eae00000)
  to   space 1024K, 0% used [0x00000000eae80000,0x00000000eae80000,0x00000000eaf80000)
 ParOldGen       total 233984K, used 225866K [0x00000000c0000000, 0x00000000ce480000, 0x00000000eab00000)
  object space 233984K, 96% used [0x00000000c0000000,0x00000000cdc92940,0x00000000ce480000)
 Metaspace       used 92750K, committed 93888K, reserved 1138688K
  class space    used 10259K, committed 10816K, reserved 1048576K
}
Event: 3264.128 GC heap after
{Heap after GC invocations=3383 (full 72):
 PSYoungGen      total 3584K, used 672K [0x00000000eab00000, 0x00000000eb000000, 0x0000000100000000)
  eden space 2560K, 0% used [0x00000000eab00000,0x00000000eab00000,0x00000000ead80000)
  from space 1024K, 65% used [0x00000000eae80000,0x00000000eaf28000,0x00000000eaf80000)
  to   space 1024K, 0% used [0x00000000ead80000,0x00000000ead80000,0x00000000eae80000)
 ParOldGen       total 233984K, used 226348K [0x00000000c0000000, 0x00000000ce480000, 0x00000000eab00000)
  object space 233984K, 96% used [0x00000000c0000000,0x00000000cdd0b260,0x00000000ce480000)
 Metaspace       used 92750K, committed 93888K, reserved 1138688K
  class space    used 10259K, committed 10816K, reserved 1048576K
}
Event: 3264.148 GC heap before
{Heap before GC invocations=3384 (full 72):
 PSYoungGen      total 3584K, used 3232K [0x00000000eab00000, 0x00000000eb000000, 0x0000000100000000)
  eden space 2560K, 100% used [0x00000000eab00000,0x00000000ead80000,0x00000000ead80000)
  from space 1024K, 65% used [0x00000000eae80000,0x00000000eaf28000,0x00000000eaf80000)
  to   space 1024K, 0% used [0x00000000ead80000,0x00000000ead80000,0x00000000eae80000)
 ParOldGen       total 233984K, used 226348K [0x00000000c0000000, 0x00000000ce480000, 0x00000000eab00000)
  object space 233984K, 96% used [0x00000000c0000000,0x00000000cdd0b260,0x00000000ce480000)
 Metaspace       used 92750K, committed 93888K, reserved 1138688K
  class space    used 10259K, committed 10816K, reserved 1048576K
}
Event: 3264.151 GC heap after
{Heap after GC invocations=3384 (full 72):
 PSYoungGen      total 3584K, used 788K [0x00000000eab00000, 0x00000000eb000000, 0x0000000100000000)
  eden space 2560K, 0% used [0x00000000eab00000,0x00000000eab00000,0x00000000ead80000)
  from space 1024K, 77% used [0x00000000ead80000,0x00000000eae45220,0x00000000eae80000)
  to   space 1024K, 0% used [0x00000000eaf00000,0x00000000eaf00000,0x00000000eb000000)
 ParOldGen       total 233984K, used 226966K [0x00000000c0000000, 0x00000000ce480000, 0x00000000eab00000)
  object space 233984K, 97% used [0x00000000c0000000,0x00000000cdda5b80,0x00000000ce480000)
 Metaspace       used 92750K, committed 93888K, reserved 1138688K
  class space    used 10259K, committed 10816K, reserved 1048576K
}
Event: 3264.166 GC heap before
{Heap before GC invocations=3385 (full 72):
 PSYoungGen      total 3584K, used 3348K [0x00000000eab00000, 0x00000000eb000000, 0x0000000100000000)
  eden space 2560K, 100% used [0x00000000eab00000,0x00000000ead80000,0x00000000ead80000)
  from space 1024K, 77% used [0x00000000ead80000,0x00000000eae45220,0x00000000eae80000)
  to   space 1024K, 0% used [0x00000000eaf00000,0x00000000eaf00000,0x00000000eb000000)
 ParOldGen       total 233984K, used 226966K [0x00000000c0000000, 0x00000000ce480000, 0x00000000eab00000)
  object space 233984K, 97% used [0x00000000c0000000,0x00000000cdda5b80,0x00000000ce480000)
 Metaspace       used 92750K, committed 93888K, reserved 1138688K
  class space    used 10259K, committed 10816K, reserved 1048576K
}
Event: 3264.169 GC heap after
{Heap after GC invocations=3385 (full 72):
 PSYoungGen      total 4096K, used 512K [0x00000000eab00000, 0x00000000eb000000, 0x0000000100000000)
  eden space 3072K, 0% used [0x00000000eab00000,0x00000000eab00000,0x00000000eae00000)
  from space 1024K, 50% used [0x00000000eaf00000,0x00000000eaf80000,0x00000000eb000000)
  to   space 1024K, 0% used [0x00000000eae00000,0x00000000eae00000,0x00000000eaf00000)
 ParOldGen       total 233984K, used 227523K [0x00000000c0000000, 0x00000000ce480000, 0x00000000eab00000)
  object space 233984K, 97% used [0x00000000c0000000,0x00000000cde30da0,0x00000000ce480000)
 Metaspace       used 92750K, committed 93888K, reserved 1138688K
  class space    used 10259K, committed 10816K, reserved 1048576K
}
Event: 3264.190 GC heap before
{Heap before GC invocations=3386 (full 72):
 PSYoungGen      total 4096K, used 3584K [0x00000000eab00000, 0x00000000eb000000, 0x0000000100000000)
  eden space 3072K, 100% used [0x00000000eab00000,0x00000000eae00000,0x00000000eae00000)
  from space 1024K, 50% used [0x00000000eaf00000,0x00000000eaf80000,0x00000000eb000000)
  to   space 1024K, 0% used [0x00000000eae00000,0x00000000eae00000,0x00000000eaf00000)
 ParOldGen       total 233984K, used 227523K [0x00000000c0000000, 0x00000000ce480000, 0x00000000eab00000)
  object space 233984K, 97% used [0x00000000c0000000,0x00000000cde30da0,0x00000000ce480000)
 Metaspace       used 92750K, committed 93888K, reserved 1138688K
  class space    used 10259K, committed 10816K, reserved 1048576K
}
Event: 3264.193 GC heap after
{Heap after GC invocations=3386 (full 72):
 PSYoungGen      total 4096K, used 724K [0x00000000eab00000, 0x00000000eb100000, 0x0000000100000000)
  eden space 3072K, 0% used [0x00000000eab00000,0x00000000eab00000,0x00000000eae00000)
  from space 1024K, 70% used [0x00000000eae00000,0x00000000eaeb5200,0x00000000eaf00000)
  to   space 1024K, 0% used [0x00000000eb000000,0x00000000eb000000,0x00000000eb100000)
 ParOldGen       total 233984K, used 227539K [0x00000000c0000000, 0x00000000ce480000, 0x00000000eab00000)
  object space 233984K, 97% used [0x00000000c0000000,0x00000000cde34da0,0x00000000ce480000)
 Metaspace       used 92750K, committed 93888K, reserved 1138688K
  class space    used 10259K, committed 10816K, reserved 1048576K
}
Event: 3264.216 GC heap before
{Heap before GC invocations=3387 (full 72):
 PSYoungGen      total 4096K, used 3796K [0x00000000eab00000, 0x00000000eb100000, 0x0000000100000000)
  eden space 3072K, 100% used [0x00000000eab00000,0x00000000eae00000,0x00000000eae00000)
  from space 1024K, 70% used [0x00000000eae00000,0x00000000eaeb5200,0x00000000eaf00000)
  to   space 1024K, 0% used [0x00000000eb000000,0x00000000eb000000,0x00000000eb100000)
 ParOldGen       total 233984K, used 227539K [0x00000000c0000000, 0x00000000ce480000, 0x00000000eab00000)
  object space 233984K, 97% used [0x00000000c0000000,0x00000000cde34da0,0x00000000ce480000)
 Metaspace       used 92750K, committed 93888K, reserved 1138688K
  class space    used 10259K, committed 10816K, reserved 1048576K
}
Event: 3264.220 GC heap after
{Heap after GC invocations=3387 (full 72):
 PSYoungGen      total 4608K, used 1012K [0x00000000eab00000, 0x00000000eb200000, 0x0000000100000000)
  eden space 3584K, 0% used [0x00000000eab00000,0x00000000eab00000,0x00000000eae80000)
  from space 1024K, 98% used [0x00000000eb000000,0x00000000eb0fd220,0x00000000eb100000)
  to   space 1536K, 0% used [0x00000000eae80000,0x00000000eae80000,0x00000000eb000000)
 ParOldGen       total 233984K, used 228074K [0x00000000c0000000, 0x00000000ce480000, 0x00000000eab00000)
  object space 233984K, 97% used [0x00000000c0000000,0x00000000cdeba8e0,0x00000000ce480000)
 Metaspace       used 92750K, committed 93888K, reserved 1138688K
  class space    used 10259K, committed 10816K, reserved 1048576K
}
Event: 3305.560 GC heap before
{Heap before GC invocations=3388 (full 72):
 PSYoungGen      total 4608K, used 4583K [0x00000000eab00000, 0x00000000eb200000, 0x0000000100000000)
  eden space 3584K, 99% used [0x00000000eab00000,0x00000000eae7cd88,0x00000000eae80000)
  from space 1024K, 98% used [0x00000000eb000000,0x00000000eb0fd220,0x00000000eb100000)
  to   space 1536K, 0% used [0x00000000eae80000,0x00000000eae80000,0x00000000eb000000)
 ParOldGen       total 233984K, used 228074K [0x00000000c0000000, 0x00000000ce480000, 0x00000000eab00000)
  object space 233984K, 97% used [0x00000000c0000000,0x00000000cdeba8e0,0x00000000ce480000)
 Metaspace       used 92752K, committed 93888K, reserved 1138688K
  class space    used 10259K, committed 10816K, reserved 1048576K
}
Event: 3305.563 GC heap after
{Heap after GC invocations=3388 (full 72):
 PSYoungGen      total 5120K, used 160K [0x00000000eab00000, 0x00000000eb080000, 0x0000000100000000)
  eden space 3584K, 0% used [0x00000000eab00000,0x00000000eab00000,0x00000000eae80000)
  from space 1536K, 10% used [0x00000000eae80000,0x00000000eaea8000,0x00000000eb000000)
  to   space 512K, 0% used [0x00000000eb000000,0x00000000eb000000,0x00000000eb080000)
 ParOldGen       total 233984K, used 228314K [0x00000000c0000000, 0x00000000ce480000, 0x00000000eab00000)
  object space 233984K, 97% used [0x00000000c0000000,0x00000000cdef68e0,0x00000000ce480000)
 Metaspace       used 92752K, committed 93888K, reserved 1138688K
  class space    used 10259K, committed 10816K, reserved 1048576K
}
Event: 3305.580 GC heap before
{Heap before GC invocations=3389 (full 72):
 PSYoungGen      total 5120K, used 3744K [0x00000000eab00000, 0x00000000eb080000, 0x0000000100000000)
  eden space 3584K, 100% used [0x00000000eab00000,0x00000000eae80000,0x00000000eae80000)
  from space 1536K, 10% used [0x00000000eae80000,0x00000000eaea8000,0x00000000eb000000)
  to   space 512K, 0% used [0x00000000eb000000,0x00000000eb000000,0x00000000eb080000)
 ParOldGen       total 233984K, used 228314K [0x00000000c0000000, 0x00000000ce480000, 0x00000000eab00000)
  object space 233984K, 97% used [0x00000000c0000000,0x00000000cdef68e0,0x00000000ce480000)
 Metaspace       used 92752K, committed 93888K, reserved 1138688K
  class space    used 10259K, committed 10816K, reserved 1048576K
}
Event: 3305.584 GC heap after
{Heap after GC invocations=3389 (full 72):
 PSYoungGen      total 4096K, used 495K [0x00000000eab00000, 0x00000000eb180000, 0x0000000100000000)
  eden space 3584K, 0% used [0x00000000eab00000,0x00000000eab00000,0x00000000eae80000)
  from space 512K, 96% used [0x00000000eb000000,0x00000000eb07bfa0,0x00000000eb080000)
  to   space 1536K, 0% used [0x00000000eae80000,0x00000000eae80000,0x00000000eb000000)
 ParOldGen       total 233984K, used 228863K [0x00000000c0000000, 0x00000000ce480000, 0x00000000eab00000)
  object space 233984K, 97% used [0x00000000c0000000,0x00000000cdf7fd00,0x00000000ce480000)
 Metaspace       used 92752K, committed 93888K, reserved 1138688K
  class space    used 10259K, committed 10816K, reserved 1048576K
}
Event: 3305.602 GC heap before
{Heap before GC invocations=3390 (full 72):
 PSYoungGen      total 4096K, used 4079K [0x00000000eab00000, 0x00000000eb180000, 0x0000000100000000)
  eden space 3584K, 99% used [0x00000000eab00000,0x00000000eae7ffd8,0x00000000eae80000)
  from space 512K, 96% used [0x00000000eb000000,0x00000000eb07bfa0,0x00000000eb080000)
  to   space 1536K, 0% used [0x00000000eae80000,0x00000000eae80000,0x00000000eb000000)
 ParOldGen       total 233984K, used 228863K [0x00000000c0000000, 0x00000000ce480000, 0x00000000eab00000)
  object space 233984K, 97% used [0x00000000c0000000,0x00000000cdf7fd00,0x00000000ce480000)
 Metaspace       used 92752K, committed 93888K, reserved 1138688K
  class space    used 10259K, committed 10816K, reserved 1048576K
}
Event: 3305.610 GC heap after
{Heap after GC invocations=3390 (full 72):
 PSYoungGen      total 5120K, used 1344K [0x00000000eab00000, 0x00000000eb280000, 0x0000000100000000)
  eden space 3584K, 0% used [0x00000000eab00000,0x00000000eab00000,0x00000000eae80000)
  from space 1536K, 87% used [0x00000000eae80000,0x00000000eafd0000,0x00000000eb000000)
  to   space 1536K, 0% used [0x00000000eb100000,0x00000000eb100000,0x00000000eb280000)
 ParOldGen       total 233984K, used 229265K [0x00000000c0000000, 0x00000000ce480000, 0x00000000eab00000)
  object space 233984K, 97% used [0x00000000c0000000,0x00000000cdfe45a0,0x00000000ce480000)
 Metaspace       used 92752K, committed 93888K, reserved 1138688K
  class space    used 10259K, committed 10816K, reserved 1048576K
}
Event: 3305.652 GC heap before
{Heap before GC invocations=3391 (full 72):
 PSYoungGen      total 5120K, used 4923K [0x00000000eab00000, 0x00000000eb280000, 0x0000000100000000)
  eden space 3584K, 99% used [0x00000000eab00000,0x00000000eae7ed00,0x00000000eae80000)
  from space 1536K, 87% used [0x00000000eae80000,0x00000000eafd0000,0x00000000eb000000)
  to   space 1536K, 0% used [0x00000000eb100000,0x00000000eb100000,0x00000000eb280000)
 ParOldGen       total 233984K, used 229265K [0x00000000c0000000, 0x00000000ce480000, 0x00000000eab00000)
  object space 233984K, 97% used [0x00000000c0000000,0x00000000cdfe45a0,0x00000000ce480000)
 Metaspace       used 92752K, committed 93888K, reserved 1138688K
  class space    used 10259K, committed 10816K, reserved 1048576K
}
Event: 3305.664 GC heap after
{Heap after GC invocations=3391 (full 72):
 PSYoungGen      total 2560K, used 1522K [0x00000000eab00000, 0x00000000eb980000, 0x0000000100000000)
  eden space 1024K, 0% used [0x00000000eab00000,0x00000000eab00000,0x00000000eac00000)
  from space 1536K, 99% used [0x00000000eb100000,0x00000000eb27c800,0x00000000eb280000)
  to   space 5120K, 0% used [0x00000000eac00000,0x00000000eac00000,0x00000000eb100000)
 ParOldGen       total 233984K, used 232201K [0x00000000c0000000, 0x00000000ce480000, 0x00000000eab00000)
  object space 233984K, 99% used [0x00000000c0000000,0x00000000ce2c25a0,0x00000000ce480000)
 Metaspace       used 92752K, committed 93888K, reserved 1138688K
  class space    used 10259K, committed 10816K, reserved 1048576K
}
Event: 3305.664 GC heap before
{Heap before GC invocations=3392 (full 73):
 PSYoungGen      total 2560K, used 1522K [0x00000000eab00000, 0x00000000eb980000, 0x0000000100000000)
  eden space 1024K, 0% used [0x00000000eab00000,0x00000000eab00000,0x00000000eac00000)
  from space 1536K, 99% used [0x00000000eb100000,0x00000000eb27c800,0x00000000eb280000)
  to   space 5120K, 0% used [0x00000000eac00000,0x00000000eac00000,0x00000000eb100000)
 ParOldGen       total 233984K, used 232201K [0x00000000c0000000, 0x00000000ce480000, 0x00000000eab00000)
  object space 233984K, 99% used [0x00000000c0000000,0x00000000ce2c25a0,0x00000000ce480000)
 Metaspace       used 92752K, committed 93888K, reserved 1138688K
  class space    used 10259K, committed 10816K, reserved 1048576K
}

